<?xml version="1.0" encoding="UTF-8"?>
<!-- Generated by org.testng.reporters.JUnitReportReporter -->
<testsuite hostname="Tahu-PC" failures="0" tests="1" name="facebookBase.LoginTestWithMultipleBrowser" time="35.165" errors="0" timestamp="2024-08-11T12:22:20 EDT" skipped="0">
  <testcase classname="facebookBase.LoginTestWithMultipleBrowser" name="LoginTest" time="35.165"/>
  <system-out/>
</testsuite> <!-- facebookBase.LoginTestWithMultipleBrowser -->
