<?xml version="1.0" encoding="UTF-8"?>
<!-- Generated by org.testng.reporters.JUnitReportReporter -->
<testsuite hostname="Tahu-PC" failures="0" tests="1" name="locators.XpathLoop" time="0.160" errors="0" timestamp="2024-09-05T21:12:31 EDT" skipped="0">
  <testcase classname="locators.XpathLoop" name="xPathLoopTest" time="0.160"/>
  <system-out/>
</testsuite> <!-- locators.XpathLoop -->
