<?xml version="1.0" encoding="UTF-8"?>
<!-- Generated by org.testng.reporters.JUnitReportReporter -->
<testsuite hostname="Tahu-PC" failures="0" tests="3" name="webDriverCommand.HowToOpenApplication" time="13.249" errors="0" timestamp="2024-07-07T16:39:39 EDT" skipped="0">
  <testcase classname="webDriverCommand.HowToOpenApplication" name="openApplicationWithEdge" time="3.330"/>
  <system-out/>
  <testcase classname="webDriverCommand.HowToOpenApplication" name="openApplicationWithChrome" time="5.587"/>
  <system-out/>
  <testcase classname="webDriverCommand.HowToOpenApplication" name="openApplicationWithFirefox" time="4.332"/>
  <system-out/>
</testsuite> <!-- webDriverCommand.HowToOpenApplication -->
