<?xml version="1.0" encoding="UTF-8"?>
<!-- Generated by org.testng.reporters.JUnitReportReporter -->
<testsuite hostname="Tahu-PC" failures="0" tests="1" name="webDriverCommand.FacebookUrlAndLoginTest2" time="3.464" errors="0" timestamp="2024-07-13T08:48:11 EDT" skipped="0">
  <testcase classname="webDriverCommand.FacebookUrlAndLoginTest2" name="validLoginTest" time="3.464"/>
  <system-out/>
</testsuite> <!-- webDriverCommand.FacebookUrlAndLoginTest2 -->
