<?xml version="1.0" encoding="UTF-8"?>
<!-- Generated by org.testng.reporters.JUnitReportReporter -->
<testsuite hostname="Tahu-PC" failures="0" tests="1" name="locators.ContainXpath" time="0.077" errors="0" timestamp="2024-09-05T23:31:45 EDT" skipped="0">
  <testcase classname="locators.ContainXpath" name="partialContainTextMethod" time="0.077"/>
  <system-out/>
</testsuite> <!-- locators.ContainXpath -->
