<?xml version="1.0" encoding="UTF-8"?>
<!-- Generated by org.testng.reporters.JUnitReportReporter -->
<testsuite hostname="Tahu-PC" failures="0" tests="3" name="webDriverCommand.HowToOpenBrowserAndApplication" time="13.205" errors="0" timestamp="2024-07-15T19:30:57 EDT" skipped="0">
  <testcase classname="webDriverCommand.HowToOpenBrowserAndApplication" name="openApplicationWithChrome" time="3.868"/>
  <system-out/>
  <testcase classname="webDriverCommand.HowToOpenBrowserAndApplication" name="openApplicationWithEdge" time="4.633"/>
  <system-out/>
  <testcase classname="webDriverCommand.HowToOpenBrowserAndApplication" name="openApplicationWithFirefox" time="4.704"/>
  <system-out/>
</testsuite> <!-- webDriverCommand.HowToOpenBrowserAndApplication -->
