<?xml version="1.0" encoding="UTF-8"?>
<!-- Generated by org.testng.reporters.JUnitReportReporter -->
<testsuite hostname="Tahu-PC" failures="0" tests="3" name="dynamicCoding.DynamicLoginTest" time="10.856" errors="0" timestamp="2024-09-07T20:34:05 EDT" skipped="0">
  <testcase classname="dynamicCoding.DynamicLoginTest" name="validLoginTest" time="3.614"/>
  <system-out/>
  <testcase classname="dynamicCoding.DynamicLoginTest" name="invalidPasswordTest" time="3.438"/>
  <system-out/>
  <testcase classname="dynamicCoding.DynamicLoginTest" name="invalidUsernameTest" time="3.804"/>
  <system-out/>
</testsuite> <!-- dynamicCoding.DynamicLoginTest -->
