<?xml version="1.0" encoding="UTF-8"?>
<!-- Generated by org.testng.reporters.JUnitReportReporter -->
<testsuite hostname="Tahu-PC" failures="0" tests="3" name="pageObjectModel.LoginTest" time="10.314" errors="0" timestamp="2024-09-30T20:31:04 EDT" skipped="0">
  <testcase classname="pageObjectModel.LoginTest" name="invalidPassLoginTest" time="3.840"/>
  <system-out/>
  <testcase classname="pageObjectModel.LoginTest" name="invalidUserLoginTest" time="3.382"/>
  <system-out/>
  <testcase classname="pageObjectModel.LoginTest" name="validLoginTest" time="3.092"/>
  <system-out/>
</testsuite> <!-- pageObjectModel.LoginTest -->
